app/build/intermediates/manifest_merge_blame_file/debug/manifest-merger-blame-debug-report.txt
1<?xml version="1.0" encoding="utf-8"?>
2<manifest xmlns:android="http://schemas.android.com/apk/res/android"
3    package="com.gap.mobigpk1"
4    android:versionCode="8"
5    android:versionName="3.5" >
6
7    <uses-sdk
8        android:minSdkVersion="26"
8-->src\main\AndroidManifest.xml
9        android:targetSdkVersion="30" />
9-->src\main\AndroidManifest.xml
10
11    <uses-permission android:name="android.permission.ACCESS_NETWORK_STATE" />
11-->src\main\AndroidManifest.xml:5:5-79
11-->src\main\AndroidManifest.xml:5:22-76
12    <uses-permission android:name="android.permission.INTERNET" /> <!-- Permission will be merged into the manifest of the hosting app. -->
12-->[com.firebaseui:firebase-ui-database:5.0.0] AndroidManifest.xml:11:5-67
12-->[com.firebaseui:firebase-ui-database:5.0.0] AndroidManifest.xml:11:22-64
13    <!-- Is required to launch foreground extraction service for targetSdkVersion 28+. -->
14    <uses-permission android:name="android.permission.FOREGROUND_SERVICE" /> <!-- Android package visibility setting -->
14-->[com.google.android.play:core:1.10.2] AndroidManifest.xml:13:5-77
14-->[com.google.android.play:core:1.10.2] AndroidManifest.xml:13:22-74
15    <queries>
15-->[com.google.android.gms:play-services-ads-lite:20.2.0] AndroidManifest.xml:27:5-43:15
16
17        <!-- For browser content -->
18        <intent>
18-->[com.google.android.gms:play-services-ads-lite:20.2.0] AndroidManifest.xml:30:9-36:18
19            <action android:name="android.intent.action.VIEW" />
19-->[com.google.android.gms:play-services-ads-lite:20.2.0] AndroidManifest.xml:31:13-65
19-->[com.google.android.gms:play-services-ads-lite:20.2.0] AndroidManifest.xml:31:21-62
20
21            <category android:name="android.intent.category.BROWSABLE" />
21-->[com.google.android.gms:play-services-ads-lite:20.2.0] AndroidManifest.xml:33:13-74
21-->[com.google.android.gms:play-services-ads-lite:20.2.0] AndroidManifest.xml:33:23-71
22
23            <data android:scheme="https" />
23-->[com.google.android.gms:play-services-ads-lite:20.2.0] AndroidManifest.xml:35:13-44
23-->[com.google.android.gms:play-services-ads-lite:20.2.0] AndroidManifest.xml:35:19-41
24        </intent>
25        <!-- End of browser content -->
26        <!-- For CustomTabsService -->
27        <intent>
27-->[com.google.android.gms:play-services-ads-lite:20.2.0] AndroidManifest.xml:30:9-36:18
28            <action android:name="android.support.customtabs.action.CustomTabsService" />
29        </intent>
30        <!-- End of CustomTabsService -->
31    </queries>
32
33    <uses-permission android:name="android.permission.WAKE_LOCK" />
33-->[com.google.android.gms:play-services-measurement-sdk-api:18.0.0] AndroidManifest.xml:25:5-68
33-->[com.google.android.gms:play-services-measurement-sdk-api:18.0.0] AndroidManifest.xml:25:22-65
34    <uses-permission android:name="android.permission.RECEIVE_BOOT_COMPLETED" />
34-->[androidx.work:work-runtime:2.1.0] AndroidManifest.xml:27:5-81
34-->[androidx.work:work-runtime:2.1.0] AndroidManifest.xml:27:22-78
35
36    <application
36-->src\main\AndroidManifest.xml:7:5-254:19
37        android:allowBackup="true"
37-->src\main\AndroidManifest.xml:8:9-35
38        android:appComponentFactory="androidx.core.app.CoreComponentFactory"
38-->[androidx.core:core:1.3.2] AndroidManifest.xml:24:18-86
39        android:debuggable="true"
40        android:extractNativeLibs="false"
41        android:icon="@mipmap/ic_launcher"
41-->src\main\AndroidManifest.xml:9:9-43
42        android:label="@string/app_name"
42-->src\main\AndroidManifest.xml:10:9-41
43        android:roundIcon="@mipmap/ic_launcher_round"
43-->src\main\AndroidManifest.xml:11:9-54
44        android:supportsRtl="true"
44-->src\main\AndroidManifest.xml:12:9-35
45        android:testOnly="true"
46        android:theme="@style/AppTheme" >
46-->src\main\AndroidManifest.xml:13:9-40
47        <activity
47-->src\main\AndroidManifest.xml:14:9-16:39
48            android:name="com.gap.mobigpk1.previousYear_paper"
48-->src\main\AndroidManifest.xml:15:13-47
49            android:exported="true" />
49-->src\main\AndroidManifest.xml:16:13-36
50        <activity
50-->src\main\AndroidManifest.xml:17:9-19:39
51            android:name="com.gap.mobigpk1.syllebuss"
51-->src\main\AndroidManifest.xml:18:13-38
52            android:exported="true" />
52-->src\main\AndroidManifest.xml:19:13-36
53        <activity
53-->src\main\AndroidManifest.xml:20:9-22:40
54            android:name="com.gap.mobigpk1.video_lectures"
54-->src\main\AndroidManifest.xml:21:13-43
55            android:exported="false" />
55-->src\main\AndroidManifest.xml:22:13-37
56        <activity
56-->src\main\AndroidManifest.xml:23:9-25:40
57            android:name="com.gap.mobigpk1.estimating_costing"
57-->src\main\AndroidManifest.xml:24:13-47
58            android:exported="false" />
58-->src\main\AndroidManifest.xml:25:13-37
59        <activity
59-->src\main\AndroidManifest.xml:26:9-28:40
60            android:name="com.gap.mobigpk1.design_of_steel"
60-->src\main\AndroidManifest.xml:27:13-44
61            android:exported="false" />
61-->src\main\AndroidManifest.xml:28:13-37
62        <activity
62-->src\main\AndroidManifest.xml:29:9-31:40
63            android:name="com.gap.mobigpk1.mos"
63-->src\main\AndroidManifest.xml:30:13-32
64            android:exported="false" />
64-->src\main\AndroidManifest.xml:31:13-37
65        <activity
65-->src\main\AndroidManifest.xml:32:9-34:40
66            android:name="com.gap.mobigpk1.cnc"
66-->src\main\AndroidManifest.xml:33:13-32
67            android:exported="false" />
67-->src\main\AndroidManifest.xml:34:13-37
68        <activity
68-->src\main\AndroidManifest.xml:35:9-37:40
69            android:name="com.gap.mobigpk1.tool_engg"
69-->src\main\AndroidManifest.xml:36:13-38
70            android:exported="false" />
70-->src\main\AndroidManifest.xml:37:13-37
71        <activity
71-->src\main\AndroidManifest.xml:38:9-40:40
72            android:name="com.gap.mobigpk1.mmi"
72-->src\main\AndroidManifest.xml:39:13-32
73            android:exported="false" />
73-->src\main\AndroidManifest.xml:40:13-37
74        <activity
74-->src\main\AndroidManifest.xml:41:9-43:40
75            android:name="com.gap.mobigpk1.industrial_engg"
75-->src\main\AndroidManifest.xml:42:13-44
76            android:exported="false" />
76-->src\main\AndroidManifest.xml:43:13-37
77        <activity
77-->src\main\AndroidManifest.xml:44:9-46:40
78            android:name="com.gap.mobigpk1.survey_2"
78-->src\main\AndroidManifest.xml:45:13-37
79            android:exported="false" />
79-->src\main\AndroidManifest.xml:46:13-37
80        <activity
80-->src\main\AndroidManifest.xml:47:9-49:40
81            android:name="com.gap.mobigpk1.ww_ie_draw"
81-->src\main\AndroidManifest.xml:48:13-39
82            android:exported="false" />
82-->src\main\AndroidManifest.xml:49:13-37
83        <activity
83-->src\main\AndroidManifest.xml:50:9-52:40
84            android:name="com.gap.mobigpk1.soil_mech"
84-->src\main\AndroidManifest.xml:51:13-38
85            android:exported="false" />
85-->src\main\AndroidManifest.xml:52:13-37
86        <activity
86-->src\main\AndroidManifest.xml:53:9-55:40
87            android:name="com.gap.mobigpk1.earthquake"
87-->src\main\AndroidManifest.xml:54:13-39
88            android:exported="false" />
88-->src\main\AndroidManifest.xml:55:13-37
89        <activity
89-->src\main\AndroidManifest.xml:56:9-58:40
90            android:name="com.gap.mobigpk1.rbt"
90-->src\main\AndroidManifest.xml:57:13-32
91            android:exported="false" />
91-->src\main\AndroidManifest.xml:58:13-37
92        <activity
92-->src\main\AndroidManifest.xml:59:9-61:40
93            android:name="com.gap.mobigpk1.w_ww_engg"
93-->src\main\AndroidManifest.xml:60:13-38
94            android:exported="false" />
94-->src\main\AndroidManifest.xml:61:13-37
95        <activity
95-->src\main\AndroidManifest.xml:62:9-64:40
96            android:name="com.gap.mobigpk1.irrigation"
96-->src\main\AndroidManifest.xml:63:13-39
97            android:exported="false" />
97-->src\main\AndroidManifest.xml:64:13-37
98        <activity
98-->src\main\AndroidManifest.xml:65:9-67:40
99            android:name="com.gap.mobigpk1.survey_1"
99-->src\main\AndroidManifest.xml:66:13-37
100            android:exported="false" />
100-->src\main\AndroidManifest.xml:67:13-37
101        <activity
101-->src\main\AndroidManifest.xml:68:9-70:40
102            android:name="com.gap.mobigpk1.rcc"
102-->src\main\AndroidManifest.xml:69:13-32
103            android:exported="false" />
103-->src\main\AndroidManifest.xml:70:13-37
104        <activity
104-->src\main\AndroidManifest.xml:71:9-73:40
105            android:name="com.gap.mobigpk1.hydraulic_mach"
105-->src\main\AndroidManifest.xml:72:13-43
106            android:exported="false" />
106-->src\main\AndroidManifest.xml:73:13-37
107        <activity
107-->src\main\AndroidManifest.xml:74:9-76:40
108            android:name="com.gap.mobigpk1.structural_mech"
108-->src\main\AndroidManifest.xml:75:13-44
109            android:exported="false" />
109-->src\main\AndroidManifest.xml:76:13-37
110        <activity
110-->src\main\AndroidManifest.xml:77:9-79:40
111            android:name="com.gap.mobigpk1.building_draw"
111-->src\main\AndroidManifest.xml:78:13-42
112            android:exported="false" />
112-->src\main\AndroidManifest.xml:79:13-37
113        <activity
113-->src\main\AndroidManifest.xml:80:9-82:40
114            android:name="com.gap.mobigpk1.building_const"
114-->src\main\AndroidManifest.xml:81:13-43
115            android:exported="false" />
115-->src\main\AndroidManifest.xml:82:13-37
116        <activity
116-->src\main\AndroidManifest.xml:83:9-85:40
117            android:name="com.gap.mobigpk1.concrete_tech"
117-->src\main\AndroidManifest.xml:84:13-42
118            android:exported="false" />
118-->src\main\AndroidManifest.xml:85:13-37
119        <activity
119-->src\main\AndroidManifest.xml:86:9-88:40
120            android:name="com.gap.mobigpk1.bmee"
120-->src\main\AndroidManifest.xml:87:13-33
121            android:exported="false" />
121-->src\main\AndroidManifest.xml:88:13-37
122        <activity
122-->src\main\AndroidManifest.xml:89:9-91:40
123            android:name="com.gap.mobigpk1.ed_estimating_2"
123-->src\main\AndroidManifest.xml:90:13-44
124            android:exported="false" />
124-->src\main\AndroidManifest.xml:91:13-37
125        <activity
125-->src\main\AndroidManifest.xml:92:9-94:40
126            android:name="com.gap.mobigpk1.uee"
126-->src\main\AndroidManifest.xml:93:13-32
127            android:exported="false" />
127-->src\main\AndroidManifest.xml:94:13-37
128        <activity
128-->src\main\AndroidManifest.xml:95:9-97:40
129            android:name="com.gap.mobigpk1.imre"
129-->src\main\AndroidManifest.xml:96:13-33
130            android:exported="false" />
130-->src\main\AndroidManifest.xml:97:13-37
131        <activity
131-->src\main\AndroidManifest.xml:98:9-100:40
132            android:name="com.gap.mobigpk1.renewable_energy"
132-->src\main\AndroidManifest.xml:99:13-45
133            android:exported="false" />
133-->src\main\AndroidManifest.xml:100:13-37
134        <activity
134-->src\main\AndroidManifest.xml:101:9-103:40
135            android:name="com.gap.mobigpk1.electrical_machine_2"
135-->src\main\AndroidManifest.xml:102:13-49
136            android:exported="false" />
136-->src\main\AndroidManifest.xml:103:13-37
137        <activity
137-->src\main\AndroidManifest.xml:104:9-106:40
138            android:name="com.gap.mobigpk1.plc_scada"
138-->src\main\AndroidManifest.xml:105:13-38
139            android:exported="false" />
139-->src\main\AndroidManifest.xml:106:13-37
140        <activity
140-->src\main\AndroidManifest.xml:107:9-109:40
141            android:name="com.gap.mobigpk1.switch_pro"
141-->src\main\AndroidManifest.xml:108:13-39
142            android:exported="false" />
142-->src\main\AndroidManifest.xml:109:13-37
143        <activity
143-->src\main\AndroidManifest.xml:110:9-112:40
144            android:name="com.gap.mobigpk1.trans_dis"
144-->src\main\AndroidManifest.xml:111:13-38
145            android:exported="false" />
145-->src\main\AndroidManifest.xml:112:13-37
146        <activity
146-->src\main\AndroidManifest.xml:113:9-115:40
147            android:name="com.gap.mobigpk1.power_plant_engg"
147-->src\main\AndroidManifest.xml:114:13-45
148            android:exported="false" />
148-->src\main\AndroidManifest.xml:115:13-37
149        <activity
149-->src\main\AndroidManifest.xml:116:9-118:40
150            android:name="com.gap.mobigpk1.ed_estimating"
150-->src\main\AndroidManifest.xml:117:13-42
151            android:exported="false" />
151-->src\main\AndroidManifest.xml:118:13-37
152        <activity
152-->src\main\AndroidManifest.xml:119:9-121:40
153            android:name="com.gap.mobigpk1.environ_studies"
153-->src\main\AndroidManifest.xml:120:13-44
154            android:exported="false" />
154-->src\main\AndroidManifest.xml:121:13-37
155        <activity
155-->src\main\AndroidManifest.xml:122:9-124:40
156            android:name="com.gap.mobigpk1.electrical_machine_1"
156-->src\main\AndroidManifest.xml:123:13-49
157            android:exported="false" />
157-->src\main\AndroidManifest.xml:124:13-37
158        <activity
158-->src\main\AndroidManifest.xml:125:9-127:40
159            android:name="com.gap.mobigpk1.eeem"
159-->src\main\AndroidManifest.xml:126:13-33
160            android:exported="false" />
160-->src\main\AndroidManifest.xml:127:13-37
161        <activity
161-->src\main\AndroidManifest.xml:128:9-130:40
162            android:name="com.gap.mobigpk1.eim"
162-->src\main\AndroidManifest.xml:129:13-32
163            android:exported="false" />
163-->src\main\AndroidManifest.xml:130:13-37
164        <activity
164-->src\main\AndroidManifest.xml:131:9-133:40
165            android:name="com.gap.mobigpk1.Analog_elect"
165-->src\main\AndroidManifest.xml:132:13-41
166            android:exported="false" />
166-->src\main\AndroidManifest.xml:133:13-37
167        <activity
167-->src\main\AndroidManifest.xml:134:9-136:40
168            android:name="com.gap.mobigpk1.BMCE"
168-->src\main\AndroidManifest.xml:135:13-33
169            android:exported="false" />
169-->src\main\AndroidManifest.xml:136:13-37
170        <activity
170-->src\main\AndroidManifest.xml:137:9-139:40
171            android:name="com.gap.mobigpk1.BEE"
171-->src\main\AndroidManifest.xml:138:13-32
172            android:exported="false" />
172-->src\main\AndroidManifest.xml:139:13-37
173        <activity
173-->src\main\AndroidManifest.xml:140:9-142:39
174            android:name="com.gap.mobigpk1.cad"
174-->src\main\AndroidManifest.xml:141:13-32
175            android:exported="true" />
175-->src\main\AndroidManifest.xml:142:13-36
176        <activity
176-->src\main\AndroidManifest.xml:143:9-145:39
177            android:name="com.gap.mobigpk1.pro_technology"
177-->src\main\AndroidManifest.xml:144:13-43
178            android:exported="true" />
178-->src\main\AndroidManifest.xml:145:13-36
179        <activity
179-->src\main\AndroidManifest.xml:146:9-148:39
180            android:name="com.gap.mobigpk1.pro_managment"
180-->src\main\AndroidManifest.xml:147:13-42
181            android:exported="true" />
181-->src\main\AndroidManifest.xml:148:13-36
182        <activity
182-->src\main\AndroidManifest.xml:149:9-151:39
183            android:name="com.gap.mobigpk1.automobile"
183-->src\main\AndroidManifest.xml:150:13-39
184            android:exported="true" />
184-->src\main\AndroidManifest.xml:151:13-36
185        <activity
185-->src\main\AndroidManifest.xml:152:9-154:39
186            android:name="com.gap.mobigpk1.machine_design"
186-->src\main\AndroidManifest.xml:153:13-43
187            android:exported="true" />
187-->src\main\AndroidManifest.xml:154:13-36
188        <activity
188-->src\main\AndroidManifest.xml:155:9-157:39
189            android:name="com.gap.mobigpk1.imed"
189-->src\main\AndroidManifest.xml:156:13-33
190            android:exported="true" />
190-->src\main\AndroidManifest.xml:157:13-36
191        <activity
191-->src\main\AndroidManifest.xml:158:9-160:39
192            android:name="com.gap.mobigpk1.enviroment"
192-->src\main\AndroidManifest.xml:159:13-39
193            android:exported="true" />
193-->src\main\AndroidManifest.xml:160:13-36
194        <activity
194-->src\main\AndroidManifest.xml:161:9-163:39
195            android:name="com.gap.mobigpk1.hydroulic_mech"
195-->src\main\AndroidManifest.xml:162:13-43
196            android:exported="true" />
196-->src\main\AndroidManifest.xml:163:13-36
197        <activity
197-->src\main\AndroidManifest.xml:164:9-166:39
198            android:name="com.gap.mobigpk1.rac"
198-->src\main\AndroidManifest.xml:165:13-32
199            android:exported="true" />
199-->src\main\AndroidManifest.xml:166:13-36
200        <activity
200-->src\main\AndroidManifest.xml:167:9-169:39
201            android:name="com.gap.mobigpk1.cummunication_2"
201-->src\main\AndroidManifest.xml:168:13-44
202            android:exported="true" />
202-->src\main\AndroidManifest.xml:169:13-36
203        <activity
203-->src\main\AndroidManifest.xml:170:9-172:39
204            android:name="com.gap.mobigpk1.ThermalEngActivity"
204-->src\main\AndroidManifest.xml:171:13-47
205            android:exported="true" />
205-->src\main\AndroidManifest.xml:172:13-36
206        <activity
206-->src\main\AndroidManifest.xml:173:9-175:39
207            android:name="com.gap.mobigpk1.WorkshopTech2Activity"
207-->src\main\AndroidManifest.xml:174:13-50
208            android:exported="true" />
208-->src\main\AndroidManifest.xml:175:13-36
209        <activity
209-->src\main\AndroidManifest.xml:176:9-178:39
210            android:name="com.gap.mobigpk1.EngMaterial1Activity"
210-->src\main\AndroidManifest.xml:177:13-49
211            android:exported="true" />
211-->src\main\AndroidManifest.xml:178:13-36
212        <activity
212-->src\main\AndroidManifest.xml:179:9-181:39
213            android:name="com.gap.mobigpk1.Math2aActivity"
213-->src\main\AndroidManifest.xml:180:13-43
214            android:exported="true" />
214-->src\main\AndroidManifest.xml:181:13-36
215        <activity
215-->src\main\AndroidManifest.xml:182:9-184:39
216            android:name="com.gap.mobigpk1.AppPhy2Activity"
216-->src\main\AndroidManifest.xml:183:13-44
217            android:exported="true" />
217-->src\main\AndroidManifest.xml:184:13-36
218        <activity
218-->src\main\AndroidManifest.xml:185:9-187:39
219            android:name="com.gap.mobigpk1.Ed2MechActivity"
219-->src\main\AndroidManifest.xml:186:13-44
220            android:exported="true" />
220-->src\main\AndroidManifest.xml:187:13-36
221        <activity
221-->src\main\AndroidManifest.xml:188:9-190:39
222            android:name="com.gap.mobigpk1.GeneralEngineeringActivity"
222-->src\main\AndroidManifest.xml:189:13-55
223            android:exported="true" />
223-->src\main\AndroidManifest.xml:190:13-36
224        <activity
224-->src\main\AndroidManifest.xml:191:9-193:39
225            android:name="com.gap.mobigpk1.AppMechActivity"
225-->src\main\AndroidManifest.xml:192:13-44
226            android:exported="true" />
226-->src\main\AndroidManifest.xml:193:13-36
227        <activity
227-->src\main\AndroidManifest.xml:194:9-196:39
228            android:name="com.gap.mobigpk1.AppMath1bActivity"
228-->src\main\AndroidManifest.xml:195:13-46
229            android:exported="true" />
229-->src\main\AndroidManifest.xml:196:13-36
230        <activity
230-->src\main\AndroidManifest.xml:197:9-199:39
231            android:name="com.gap.mobigpk1.Cummunication1Activity"
231-->src\main\AndroidManifest.xml:198:13-51
232            android:exported="true" />
232-->src\main\AndroidManifest.xml:199:13-36
233        <activity
233-->src\main\AndroidManifest.xml:200:9-202:39
234            android:name="com.gap.mobigpk1.EdAllActivity"
234-->src\main\AndroidManifest.xml:201:13-42
235            android:exported="true" />
235-->src\main\AndroidManifest.xml:202:13-36
236        <activity
236-->src\main\AndroidManifest.xml:203:9-205:39
237            android:name="com.gap.mobigpk1.Math1aActivity"
237-->src\main\AndroidManifest.xml:204:13-43
238            android:exported="true" />
238-->src\main\AndroidManifest.xml:205:13-36
239        <activity
239-->src\main\AndroidManifest.xml:206:9-208:39
240            android:name="com.gap.mobigpk1.WorkshopActivity"
240-->src\main\AndroidManifest.xml:207:13-45
241            android:exported="true" />
241-->src\main\AndroidManifest.xml:208:13-36
242        <activity
242-->src\main\AndroidManifest.xml:209:9-211:39
243            android:name="com.gap.mobigpk1.BITActivity"
243-->src\main\AndroidManifest.xml:210:13-40
244            android:exported="true" />
244-->src\main\AndroidManifest.xml:211:13-36
245        <activity
245-->src\main\AndroidManifest.xml:212:9-214:39
246            android:name="com.gap.mobigpk1.AppPhyActivity"
246-->src\main\AndroidManifest.xml:213:13-43
247            android:exported="true" />
247-->src\main\AndroidManifest.xml:214:13-36
248        <activity
248-->src\main\AndroidManifest.xml:215:9-217:39
249            android:name="com.gap.mobigpk1.app_chem"
249-->src\main\AndroidManifest.xml:216:13-37
250            android:exported="true" />
250-->src\main\AndroidManifest.xml:217:13-36
251        <activity android:name="com.gap.mobigpk1.rv_layout" />
251-->src\main\AndroidManifest.xml:218:9-47
251-->src\main\AndroidManifest.xml:218:19-44
252        <activity android:name="com.gap.mobigpk1.MainActivity" />
252-->src\main\AndroidManifest.xml:219:9-50
252-->src\main\AndroidManifest.xml:219:19-47
253        <activity android:name="com.gap.mobigpk1.el32" />
253-->src\main\AndroidManifest.xml:220:9-42
253-->src\main\AndroidManifest.xml:220:19-39
254        <activity android:name="com.gap.mobigpk1.el31" />
254-->src\main\AndroidManifest.xml:221:9-42
254-->src\main\AndroidManifest.xml:221:19-39
255        <activity android:name="com.gap.mobigpk1.el22" />
255-->src\main\AndroidManifest.xml:222:9-42
255-->src\main\AndroidManifest.xml:222:19-39
256        <activity android:name="com.gap.mobigpk1.el21" />
256-->src\main\AndroidManifest.xml:223:9-42
256-->src\main\AndroidManifest.xml:223:19-39
257        <activity android:name="com.gap.mobigpk1.el12" />
257-->src\main\AndroidManifest.xml:224:9-42
257-->src\main\AndroidManifest.xml:224:19-39
258        <activity android:name="com.gap.mobigpk1.el11" />
258-->src\main\AndroidManifest.xml:225:9-42
258-->src\main\AndroidManifest.xml:225:19-39
259        <activity android:name="com.gap.mobigpk1.civ32" />
259-->src\main\AndroidManifest.xml:226:9-43
259-->src\main\AndroidManifest.xml:226:19-40
260        <activity android:name="com.gap.mobigpk1.civ31" />
260-->src\main\AndroidManifest.xml:227:9-43
260-->src\main\AndroidManifest.xml:227:19-40
261        <activity android:name="com.gap.mobigpk1.civ21" />
261-->src\main\AndroidManifest.xml:228:9-43
261-->src\main\AndroidManifest.xml:228:19-40
262        <activity android:name="com.gap.mobigpk1.civ12" />
262-->src\main\AndroidManifest.xml:229:9-43
262-->src\main\AndroidManifest.xml:229:19-40
263        <activity android:name="com.gap.mobigpk1.civ22" />
263-->src\main\AndroidManifest.xml:230:9-43
263-->src\main\AndroidManifest.xml:230:19-40
264        <activity android:name="com.gap.mobigpk1.civ11" />
264-->src\main\AndroidManifest.xml:231:9-43
264-->src\main\AndroidManifest.xml:231:19-40
265        <activity android:name="com.gap.mobigpk1.me32" />
265-->src\main\AndroidManifest.xml:232:9-42
265-->src\main\AndroidManifest.xml:232:19-39
266        <activity android:name="com.gap.mobigpk1.me31" />
266-->src\main\AndroidManifest.xml:233:9-42
266-->src\main\AndroidManifest.xml:233:19-39
267        <activity android:name="com.gap.mobigpk1.me22" />
267-->src\main\AndroidManifest.xml:234:9-42
267-->src\main\AndroidManifest.xml:234:19-39
268        <activity android:name="com.gap.mobigpk1.me21" />
268-->src\main\AndroidManifest.xml:235:9-42
268-->src\main\AndroidManifest.xml:235:19-39
269        <activity android:name="com.gap.mobigpk1.me12" />
269-->src\main\AndroidManifest.xml:236:9-42
269-->src\main\AndroidManifest.xml:236:19-39
270        <activity android:name="com.gap.mobigpk1.me11" />
270-->src\main\AndroidManifest.xml:237:9-42
270-->src\main\AndroidManifest.xml:237:19-39
271        <activity android:name="com.gap.mobigpk1.Main4Activity" />
271-->src\main\AndroidManifest.xml:238:9-51
271-->src\main\AndroidManifest.xml:238:19-48
272        <activity android:name="com.gap.mobigpk1.Main3Activity" />
272-->src\main\AndroidManifest.xml:239:9-51
272-->src\main\AndroidManifest.xml:239:19-48
273        <activity android:name="com.gap.mobigpk1.Main2Activity" />
273-->src\main\AndroidManifest.xml:240:9-51
273-->src\main\AndroidManifest.xml:240:19-48
274        <activity
274-->src\main\AndroidManifest.xml:241:9-249:20
275            android:name="com.gap.mobigpk1.StartActivity"
275-->src\main\AndroidManifest.xml:242:13-42
276            android:theme="@style/SplashTheme" >
276-->src\main\AndroidManifest.xml:243:13-47
277            <intent-filter>
277-->src\main\AndroidManifest.xml:244:13-248:29
278                <action android:name="android.intent.action.MAIN" />
278-->src\main\AndroidManifest.xml:245:17-69
278-->src\main\AndroidManifest.xml:245:25-66
279
280                <category android:name="android.intent.category.LAUNCHER" />
280-->src\main\AndroidManifest.xml:247:17-77
280-->src\main\AndroidManifest.xml:247:27-74
281            </intent-filter>
282        </activity>
283
284        <meta-data
284-->src\main\AndroidManifest.xml:251:9-253:70
285            android:name="com.google.android.gms.ads.APPLICATION_ID"
285-->src\main\AndroidManifest.xml:252:13-69
286            android:value="ca-app-pub-6713347518830764~2410968665" />
286-->src\main\AndroidManifest.xml:253:13-67
287        <!-- The activities will be merged into the manifest of the hosting app. -->
288        <activity
288-->[com.google.android.play:core:1.10.2] AndroidManifest.xml:18:9-24:45
289            android:name="com.google.android.play.core.missingsplits.PlayCoreMissingSplitsActivity"
289-->[com.google.android.play:core:1.10.2] AndroidManifest.xml:19:13-100
290            android:enabled="false"
290-->[com.google.android.play:core:1.10.2] AndroidManifest.xml:20:13-36
291            android:exported="false"
291-->[com.google.android.play:core:1.10.2] AndroidManifest.xml:21:13-37
292            android:launchMode="singleInstance"
292-->[com.google.android.play:core:1.10.2] AndroidManifest.xml:22:13-48
293            android:process=":playcore_missing_splits_activity"
293-->[com.google.android.play:core:1.10.2] AndroidManifest.xml:23:13-64
294            android:stateNotNeeded="true" />
294-->[com.google.android.play:core:1.10.2] AndroidManifest.xml:24:13-42
295        <activity
295-->[com.google.android.play:core:1.10.2] AndroidManifest.xml:25:9-29:65
296            android:name="com.google.android.play.core.common.PlayCoreDialogWrapperActivity"
296-->[com.google.android.play:core:1.10.2] AndroidManifest.xml:26:13-93
297            android:exported="false"
297-->[com.google.android.play:core:1.10.2] AndroidManifest.xml:27:13-37
298            android:stateNotNeeded="true"
298-->[com.google.android.play:core:1.10.2] AndroidManifest.xml:28:13-42
299            android:theme="@style/Theme.PlayCore.Transparent" /> <!-- The services will be merged into the manifest of the hosting app. -->
299-->[com.google.android.play:core:1.10.2] AndroidManifest.xml:29:13-62
300        <service
300-->[com.google.android.play:core:1.10.2] AndroidManifest.xml:32:9-39:19
301            android:name="com.google.android.play.core.assetpacks.AssetPackExtractionService"
301-->[com.google.android.play:core:1.10.2] AndroidManifest.xml:33:13-94
302            android:enabled="false"
302-->[com.google.android.play:core:1.10.2] AndroidManifest.xml:34:13-36
303            android:exported="true" >
303-->[com.google.android.play:core:1.10.2] AndroidManifest.xml:35:13-36
304            <meta-data
304-->[com.google.android.play:core:1.10.2] AndroidManifest.xml:36:13-38:41
305                android:name="com.google.android.play.core.assetpacks.versionCode"
305-->[com.google.android.play:core:1.10.2] AndroidManifest.xml:37:17-83
306                android:value="11002" />
306-->[com.google.android.play:core:1.10.2] AndroidManifest.xml:38:17-38
307        </service>
308        <service
308-->[com.google.android.play:core:1.10.2] AndroidManifest.xml:40:9-43:40
309            android:name="com.google.android.play.core.assetpacks.ExtractionForegroundService"
309-->[com.google.android.play:core:1.10.2] AndroidManifest.xml:41:13-95
310            android:enabled="false"
310-->[com.google.android.play:core:1.10.2] AndroidManifest.xml:42:13-36
311            android:exported="false" />
311-->[com.google.android.play:core:1.10.2] AndroidManifest.xml:43:13-37
312        <service
312-->[com.google.firebase:firebase-storage:20.0.0] AndroidManifest.xml:30:9-36:19
313            android:name="com.google.firebase.components.ComponentDiscoveryService"
313-->[com.google.firebase:firebase-storage:20.0.0] AndroidManifest.xml:31:13-84
314            android:directBootAware="true"
314-->[com.google.firebase:firebase-common:20.0.0] AndroidManifest.xml:35:13-43
315            android:exported="false" >
315-->[com.google.firebase:firebase-storage:20.0.0] AndroidManifest.xml:32:13-37
316            <meta-data
316-->[com.google.firebase:firebase-storage:20.0.0] AndroidManifest.xml:33:13-35:85
317                android:name="com.google.firebase.components:com.google.firebase.storage.StorageRegistrar"
317-->[com.google.firebase:firebase-storage:20.0.0] AndroidManifest.xml:34:17-107
318                android:value="com.google.firebase.components.ComponentRegistrar" />